"Training"	716
"NT Server Support"	462
"NT Workstation Support"	444
"Windows NT Workstation"	584
"ActiveX Technology Development"	602
"FrontPage"	548
"isapi"	5330
"Office Free Stuff"	728
"Products "	5108
"Visual Basic"	698
"Windows Family of OSs"	4628
"Free Downloads"	10836
"International IE content"	865
"Microsoft.com Search"	8463
"Knowledge Base"	2968
"End User Produced View"	749
"Support Desktop"	4451
"regwiz"	912
"SiteBuilder Network Membership"	1110
"Games"	1446
"Windows NT Server"	1115
"MS Office"	574
"Corporate Desktop Evaluation"	759
"Windows 95"	1160
"Internet Explorer"	9383
"Windows95 Support"	1791
"Web Site Builder's Gallery"	2123
"Internet Information Server"	521
"Internet Development"	507
"Internet Site Construction for Developers"	3220
"Developer Network"	1087
"MS Word News"	842
"Jakarta"	670
"SP Referral (ART"	672
"Developer Workshop"	1500
"MS Office Info"	1506
"IE Support"	636
"NetMeeting"	474
